# JRE version: OpenJDK Runtime Environment (11.0.11) (build 11.0.11+0-b60-7590822)
# Java VM: OpenJDK 64-Bit Server VM (11.0.11+0-b60-7590822, mixed mode, tiered, compressed oops, g1 gc, linux-amd64)
Heap:
 garbage-first heap   total 728064K, used 191343K [0x0000000080000000, 0x0000000100000000)
  region size 1024K, 7 young (7168K), 7 survivors (7168K)
 Metaspace       used 136190K, capacity 140126K, committed 140412K, reserved 1171456K
  class space    used 17135K, capacity 18632K, committed 18732K, reserved 1048576K
GC Heap History (20 events):
Event: 464,178 GC heap after
{Heap after GC invocations=60 (full 0):
 garbage-first heap   total 293888K, used 136368K [0x0000000080000000, 0x0000000100000000)
  region size 1024K, 9 young (9216K), 9 survivors (9216K)
 Metaspace       used 124526K, capacity 127851K, committed 128252K, reserved 1161216K
  class space    used 15553K, capacity 16785K, committed 16812K, reserved 1048576K
}
Event: 465,545 GC heap before
{Heap before GC invocations=60 (full 0):
 garbage-first heap   total 293888K, used 229552K [0x0000000080000000, 0x0000000100000000)
  region size 1024K, 99 young (101376K), 9 survivors (9216K)
 Metaspace       used 125448K, capacity 128853K, committed 129020K, reserved 1161216K
  class space    used 15679K, capacity 16934K, committed 17068K, reserved 1048576K
}
Event: 465,598 GC heap after
{Heap after GC invocations=61 (full 0):
 garbage-first heap   total 293888K, used 143311K [0x0000000080000000, 0x0000000100000000)
  region size 1024K, 13 young (13312K), 13 survivors (13312K)
 Metaspace       used 125448K, capacity 128853K, committed 129020K, reserved 1161216K
  class space    used 15679K, capacity 16934K, committed 17068K, reserved 1048576K
}
Event: 466,624 GC heap before
{Heap before GC invocations=61 (full 0):
 garbage-first heap   total 293888K, used 233423K [0x0000000080000000, 0x0000000100000000)
  region size 1024K, 101 young (103424K), 13 survivors (13312K)
 Metaspace       used 127319K, capacity 130802K, committed 131068K, reserved 1163264K
  class space    used 15929K, capacity 17226K, committed 17324K, reserved 1048576K
}
Event: 466,679 GC heap after
{Heap after GC invocations=62 (full 0):
 garbage-first heap   total 438272K, used 159273K [0x0000000080000000, 0x0000000100000000)
  region size 1024K, 13 young (13312K), 13 survivors (13312K)
 Metaspace       used 127319K, capacity 130802K, committed 131068K, reserved 1163264K
  class space    used 15929K, capacity 17226K, committed 17324K, reserved 1048576K
}
Event: 467,243 GC heap before
{Heap before GC invocations=62 (full 0):
 garbage-first heap   total 438272K, used 293417K [0x0000000080000000, 0x0000000100000000)
  region size 1024K, 145 young (148480K), 13 survivors (13312K)
 Metaspace       used 128916K, capacity 132422K, committed 132860K, reserved 1165312K
  class space    used 16126K, capacity 17450K, committed 17580K, reserved 1048576K
}
Event: 467,330 GC heap after
{Heap after GC invocations=63 (full 0):
 garbage-first heap   total 438272K, used 177152K [0x0000000080000000, 0x0000000100000000)
  region size 1024K, 19 young (19456K), 19 survivors (19456K)
 Metaspace       used 128916K, capacity 132422K, committed 132860K, reserved 1165312K
  class space    used 16126K, capacity 17450K, committed 17580K, reserved 1048576K
}
Event: 470,383 GC heap before
{Heap before GC invocations=63 (full 0):
 garbage-first heap   total 438272K, used 314368K [0x0000000080000000, 0x0000000100000000)
  region size 1024K, 154 young (157696K), 19 survivors (19456K)
 Metaspace       used 133407K, capacity 137095K, committed 137468K, reserved 1169408K
  class space    used 16894K, capacity 18302K, committed 18348K, reserved 1048576K
}
Event: 470,698 GC heap after
{Heap after GC invocations=64 (full 0):
 garbage-first heap   total 438272K, used 186368K [0x0000000080000000, 0x0000000100000000)
  region size 1024K, 9 young (9216K), 9 survivors (9216K)
 Metaspace       used 133407K, capacity 137095K, committed 137468K, reserved 1169408K
  class space    used 16894K, capacity 18302K, committed 18348K, reserved 1048576K
}
Event: 471,462 GC heap before
{Heap before GC invocations=64 (full 0):
 garbage-first heap   total 438272K, used 312320K [0x0000000080000000, 0x0000000100000000)
  region size 1024K, 132 young (135168K), 9 survivors (9216K)
 Metaspace       used 134220K, capacity 138098K, committed 138364K, reserved 1169408K
  class space    used 16995K, capacity 18447K, committed 18476K, reserved 1048576K
}
Event: 471,482 GC heap after
{Heap after GC invocations=65 (full 0):
 garbage-first heap   total 438272K, used 187392K [0x0000000080000000, 0x0000000100000000)
  region size 1024K, 10 young (10240K), 10 survivors (10240K)
 Metaspace       used 134220K, capacity 138098K, committed 138364K, reserved 1169408K
  class space    used 16995K, capacity 18447K, committed 18476K, reserved 1048576K
}
Event: 472,622 GC heap before
{Heap before GC invocations=65 (full 0):
 garbage-first heap   total 438272K, used 328704K [0x0000000080000000, 0x0000000100000000)
  region size 1024K, 149 young (152576K), 10 survivors (10240K)
 Metaspace       used 135258K, capacity 139175K, committed 139388K, reserved 1169408K
  class space    used 17111K, capacity 18612K, committed 18732K, reserved 1048576K
}
Event: 472,666 GC heap after
{Heap after GC invocations=66 (full 0):
 garbage-first heap   total 438272K, used 187303K [0x0000000080000000, 0x0000000100000000)
  region size 1024K, 10 young (10240K), 10 survivors (10240K)
 Metaspace       used 135258K, capacity 139175K, committed 139388K, reserved 1169408K
  class space    used 17111K, capacity 18612K, committed 18732K, reserved 1048576K
}
Event: 473,433 GC heap before
{Heap before GC invocations=66 (full 0):
 garbage-first heap   total 438272K, used 350119K [0x0000000080000000, 0x0000000100000000)
  region size 1024K, 169 young (173056K), 10 survivors (10240K)
 Metaspace       used 135317K, capacity 139249K, committed 139644K, reserved 1171456K
  class space    used 17113K, capacity 18615K, committed 18732K, reserved 1048576K
}
Event: 473,461 GC heap after
{Heap after GC invocations=67 (full 0):
 garbage-first heap   total 438272K, used 188416K [0x0000000080000000, 0x0000000100000000)
  region size 1024K, 11 young (11264K), 11 survivors (11264K)
 Metaspace       used 135317K, capacity 139249K, committed 139644K, reserved 1171456K
  class space    used 17113K, capacity 18615K, committed 18732K, reserved 1048576K
}
Event: 474,067 GC heap before
{Heap before GC invocations=67 (full 0):
 garbage-first heap   total 438272K, used 357376K [0x0000000080000000, 0x0000000100000000)
  region size 1024K, 176 young (180224K), 11 survivors (11264K)
 Metaspace       used 135574K, capacity 139491K, committed 139900K, reserved 1171456K
  class space    used 17122K, capacity 18626K, committed 18732K, reserved 1048576K
}
Event: 474,101 GC heap after
{Heap after GC invocations=68 (full 0):
 garbage-first heap   total 438272K, used 188375K [0x0000000080000000, 0x0000000100000000)
  region size 1024K, 11 young (11264K), 11 survivors (11264K)
 Metaspace       used 135574K, capacity 139491K, committed 139900K, reserved 1171456K
  class space    used 17122K, capacity 18626K, committed 18732K, reserved 1048576K
}
Event: 474,768 GC heap before
{Heap before GC invocations=68 (full 0):
 garbage-first heap   total 438272K, used 359383K [0x0000000080000000, 0x0000000100000000)
  region size 1024K, 178 young (182272K), 11 survivors (11264K)
 Metaspace       used 135991K, capacity 139907K, committed 140156K, reserved 1171456K
  class space    used 17134K, capacity 18631K, committed 18732K, reserved 1048576K
}
Event: 474,813 GC heap after
{Heap after GC invocations=69 (full 0):
 garbage-first heap   total 438272K, used 190464K [0x0000000080000000, 0x0000000100000000)
  region size 1024K, 13 young (13312K), 13 survivors (13312K)
 Metaspace       used 135991K, capacity 139907K, committed 140156K, reserved 1171456K
  class space    used 17134K, capacity 18631K, committed 18732K, reserved 1048576K
}
Event: 475,539 GC heap before
{Heap before GC invocations=69 (full 0):
 garbage-first heap   total 438272K, used 363520K [0x0000000080000000, 0x0000000100000000)
  region size 1024K, 182 young (186368K), 13 survivors (13312K)
 Metaspace       used 136190K, capacity 140126K, committed 140412K, reserved 1171456K
  class space    used 17135K, capacity 18632K, committed 18732K, reserved 1048576K
}

